0 info it worked if it ends with ok
1 verbose cli [ 'node', '/usr/local/bin/npm', 'update', '-g', 'vulcanize' ]
2 info using npm@2.3.0
3 info using node@v0.10.36
4 verbose node symlink /usr/local/bin/node
5 silly mapToRegistry name vulcanize
6 silly mapToRegistry using default registry
7 silly mapToRegistry registry https://registry.npmjs.org/
8 silly mapToRegistry uri https://registry.npmjs.org/vulcanize
9 verbose request uri https://registry.npmjs.org/vulcanize
10 verbose request no auth needed
11 info attempt registry request try #1 at 15:05:54
12 verbose request id 4157bfad51f56541
13 verbose etag "VKU6YHFS6SWOXP8MFTWN3WN2"
14 http request GET https://registry.npmjs.org/vulcanize
15 http 200 https://registry.npmjs.org/vulcanize
16 silly get cb [ 200,
16 silly get   { date: 'Sat, 21 Mar 2015 19:05:54 GMT',
16 silly get     server: 'CouchDB/1.5.0 (Erlang OTP/R16B03)',
16 silly get     etag: '"E976O8AKEM0FUN5YMZ9GS653J"',
16 silly get     'content-type': 'application/json',
16 silly get     'cache-control': 'max-age=60',
16 silly get     'content-length': '58887',
16 silly get     'accept-ranges': 'bytes',
16 silly get     via: '1.1 varnish',
16 silly get     age: '0',
16 silly get     'x-served-by': 'cache-jfk1032-JFK',
16 silly get     'x-cache': 'MISS',
16 silly get     'x-cache-hits': '0',
16 silly get     'x-timer': 'S1426964754.874359,VS0,VE17',
16 silly get     vary: 'Accept',
16 silly get     'keep-alive': 'timeout=10, max=50',
16 silly get     connection: 'Keep-Alive' } ]
17 info outdated updating [ [ '/usr/local/lib',
17 info outdated     'vulcanize',
17 info outdated     '0.7.9',
17 info outdated     '0.7.10',
17 info outdated     '0.7.10',
17 info outdated     'latest' ] ]
18 verbose install where, what [ '/usr/local/lib', [ 'vulcanize@0.7.10' ] ]
19 silly cache add args [ 'vulcanize@0.7.10', null ]
20 verbose cache add spec vulcanize@0.7.10
21 silly cache add parsed spec { raw: 'vulcanize@0.7.10',
21 silly cache add   scope: null,
21 silly cache add   name: 'vulcanize',
21 silly cache add   rawSpec: '0.7.10',
21 silly cache add   spec: '0.7.10',
21 silly cache add   type: 'version' }
22 verbose addNamed vulcanize@0.7.10
23 silly addNamed semver.valid 0.7.10
24 silly addNamed semver.validRange 0.7.10
25 silly mapToRegistry name vulcanize
26 silly mapToRegistry using default registry
27 silly mapToRegistry registry https://registry.npmjs.org/
28 silly mapToRegistry uri https://registry.npmjs.org/vulcanize
29 verbose addNameVersion registry:https://registry.npmjs.org/vulcanize not in flight; fetching
30 verbose get https://registry.npmjs.org/vulcanize not expired, no request
31 silly mapToRegistry name vulcanize
32 silly mapToRegistry using default registry
33 silly mapToRegistry registry https://registry.npmjs.org/
34 silly mapToRegistry uri https://registry.npmjs.org/vulcanize
35 verbose addRemoteTarball https://registry.npmjs.org/vulcanize/-/vulcanize-0.7.10.tgz not in flight; adding
36 verbose addRemoteTarball [ 'https://registry.npmjs.org/vulcanize/-/vulcanize-0.7.10.tgz',
36 verbose addRemoteTarball   '2fd613101aa4bd980c8b20693cab5080446765da' ]
37 info retry fetch attempt 1 at 15:05:55
38 info attempt registry request try #1 at 15:05:55
39 http fetch GET https://registry.npmjs.org/vulcanize/-/vulcanize-0.7.10.tgz
40 http fetch 200 https://registry.npmjs.org/vulcanize/-/vulcanize-0.7.10.tgz
41 silly fetchAndShaCheck shasum 2fd613101aa4bd980c8b20693cab5080446765da
42 verbose addTmpTarball /var/folders/8h/0lw5jmrd2ms7lj75mf_g7hqr0000gn/T/npm-22926-a7f4c22d/registry.npmjs.org/vulcanize/-/vulcanize-0.7.10.tgz not in flight; adding
43 verbose addTmpTarball already have metadata; skipping unpack for vulcanize@0.7.10
44 silly cache afterAdd vulcanize@0.7.10
45 verbose afterAdd /Users/compass/.npm/vulcanize/0.7.10/package/package.json not in flight; writing
46 verbose afterAdd /Users/compass/.npm/vulcanize/0.7.10/package/package.json written
47 silly install resolved [ { name: 'vulcanize',
47 silly install resolved     version: '0.7.10',
47 silly install resolved     description: 'Process Web Components into one output file',
47 silly install resolved     main: 'lib/vulcan.js',
47 silly install resolved     bin: { vulcanize: 'bin/vulcanize' },
47 silly install resolved     dependencies:
47 silly install resolved      { nopt: '^3.0.1',
47 silly install resolved        'uglify-js': '^2.4.15',
47 silly install resolved        whacko: '0.17.3',
47 silly install resolved        'update-notifier': '^0.3.0' },
47 silly install resolved     devDependencies: { jshint: '^2.5.6', mocha: '^2.0.1' },
47 silly install resolved     scripts: { test: 'jshint --verbose lib/*.js bin/* test/*.js && node_modules/.bin/mocha' },
47 silly install resolved     author: { name: 'Daniel Freedman' },
47 silly install resolved     license: 'BSD',
47 silly install resolved     directories: { test: 'test' },
47 silly install resolved     keywords: [ 'web components', 'polymer' ],
47 silly install resolved     repository: { type: 'git', url: 'git://github.com/Polymer/vulcanize.git' },
47 silly install resolved     bugs: { url: 'https://github.com/Polymer/vulcanize/issues' },
47 silly install resolved     optionalDependencies: { 'update-notifier': '^0.3.0' },
47 silly install resolved     gitHead: 'dc68db644bca8bfc0dfb874a77ba160519182eef',
47 silly install resolved     homepage: 'https://github.com/Polymer/vulcanize',
47 silly install resolved     _id: 'vulcanize@0.7.10',
47 silly install resolved     _shasum: '2fd613101aa4bd980c8b20693cab5080446765da',
47 silly install resolved     _from: 'vulcanize@0.7.10',
47 silly install resolved     _npmVersion: '2.7.0',
47 silly install resolved     _nodeVersion: '1.5.1',
47 silly install resolved     _npmUser: { name: 'azakus', email: 'dfreedm2@gmail.com' },
47 silly install resolved     maintainers: [ [Object], [Object] ],
47 silly install resolved     dist:
47 silly install resolved      { shasum: '2fd613101aa4bd980c8b20693cab5080446765da',
47 silly install resolved        tarball: 'http://registry.npmjs.org/vulcanize/-/vulcanize-0.7.10.tgz' },
47 silly install resolved     _resolved: 'https://registry.npmjs.org/vulcanize/-/vulcanize-0.7.10.tgz' } ]
48 info install vulcanize@0.7.10 into /usr/local/lib
49 info installOne vulcanize@0.7.10
50 verbose installOne of vulcanize to /usr/local/lib not in flight; installing
51 warn locking Error: EACCES, open '/Users/compass/.npm/_locks/vulcanize-200affb07de3e5a0.lock'
51 warn locking  /Users/compass/.npm/_locks/vulcanize-200affb07de3e5a0.lock failed { [Error: EACCES, open '/Users/compass/.npm/_locks/vulcanize-200affb07de3e5a0.lock']
51 warn locking   errno: 3,
51 warn locking   code: 'EACCES',
51 warn locking   path: '/Users/compass/.npm/_locks/vulcanize-200affb07de3e5a0.lock' }
52 verbose stack Error: Attempt to unlock /usr/local/lib/node_modules/vulcanize, which hasn't been locked
52 verbose stack     at unlock (/usr/local/lib/node_modules/npm/lib/utils/locker.js:66:11)
52 verbose stack     at cb (/usr/local/lib/node_modules/npm/lib/install.js:929:5)
52 verbose stack     at /usr/local/lib/node_modules/npm/lib/install.js:933:20
52 verbose stack     at /usr/local/lib/node_modules/npm/lib/utils/locker.js:40:9
52 verbose stack     at cb (/usr/local/lib/node_modules/npm/node_modules/lockfile/lockfile.js:149:38)
52 verbose stack     at /usr/local/lib/node_modules/npm/node_modules/lockfile/lockfile.js:177:38
52 verbose stack     at Object.oncomplete (fs.js:108:15)
53 verbose cwd /Users/compass/Dropbox/CS/Sites/Twilio
54 error Darwin 14.1.0
55 error argv "node" "/usr/local/bin/npm" "update" "-g" "vulcanize"
56 error node v0.10.36
57 error npm  v2.3.0
58 error Attempt to unlock /usr/local/lib/node_modules/vulcanize, which hasn't been locked
59 error If you need help, you may report this error at:
59 error     <http://github.com/npm/npm/issues>
60 verbose exit [ 1, true ]
