[16-Mar-2015 14:14:15 America/New_York] sent...
[16-Mar-2015 14:14:22 America/New_York] callback... ini here!!!
[16-Mar-2015 14:14:22 America/New_York] SmsSid=MMfb30e08e52ae42ccaff7262f94112fac&SmsStatus=sent&MessageStatus=sent&To=%2B19194484206&MessageSid=MMfb30e08e52ae42ccaff7262f94112fac&AccountSid=AC424a6be19a10b589c1908ae43e48a736&From=%2B19195900174&ApiVersion=2010-04-01
[16-Mar-2015 14:14:38 America/New_York] callback... ini here!!!
[16-Mar-2015 14:14:38 America/New_York] SmsSid=MMfb30e08e52ae42ccaff7262f94112fac&SmsStatus=delivered&MessageStatus=delivered&To=%2B19194484206&MessageSid=MMfb30e08e52ae42ccaff7262f94112fac&AccountSid=AC424a6be19a10b589c1908ae43e48a736&From=%2B19195900174&ApiVersion=2010-04-01
[16-Mar-2015 14:15:12 America/New_York] sent...
[16-Mar-2015 14:15:13 America/New_York] callback... ini here!!!
[16-Mar-2015 14:15:13 America/New_York] SmsSid=MM576bbb4af98d4f1f90bfe428ec988e77&SmsStatus=sent&MessageStatus=sent&To=%2B19194484206&MessageSid=MM576bbb4af98d4f1f90bfe428ec988e77&AccountSid=AC424a6be19a10b589c1908ae43e48a736&From=%2B19195900174&ApiVersion=2010-04-01
[16-Mar-2015 14:15:13 America/New_York] Connection failed: SQLSTATE[HY000] [2005] Unknown MySQL server host 'web404.webfaction.com:3306' (0)
[16-Mar-2015 14:15:34 America/New_York] callback... ini here!!!
[16-Mar-2015 14:15:34 America/New_York] SmsSid=MM576bbb4af98d4f1f90bfe428ec988e77&SmsStatus=delivered&MessageStatus=delivered&To=%2B19194484206&MessageSid=MM576bbb4af98d4f1f90bfe428ec988e77&AccountSid=AC424a6be19a10b589c1908ae43e48a736&From=%2B19195900174&ApiVersion=2010-04-01
[16-Mar-2015 14:15:34 America/New_York] Connection failed: SQLSTATE[HY000] [2005] Unknown MySQL server host 'web404.webfaction.com:3306' (0)
[18-Mar-2015 00:09:32 UTC] Received sent request...
[18-Mar-2015 00:09:32 UTC] Received POST request...
[18-Mar-2015 00:37:25 UTC] Received sent request...
[18-Mar-2015 00:37:25 UTC] Received POST request...
[18-Mar-2015 00:39:30 UTC] Received sent request...
[18-Mar-2015 00:39:30 UTC] Received POST request...
[18-Mar-2015 00:42:58 UTC] Received sent request...
[18-Mar-2015 00:42:58 UTC] Received POST request...
[18-Mar-2015 00:42:59 UTC] Received sent request...
[18-Mar-2015 00:42:59 UTC] Received POST request...
[18-Mar-2015 00:43:01 UTC] Received sent request...
[18-Mar-2015 00:43:01 UTC] Received POST request...
[18-Mar-2015 00:43:07 UTC] Received sent request...
[18-Mar-2015 00:43:07 UTC] Received POST request...
[18-Mar-2015 00:47:02 UTC] Received sent request...
[18-Mar-2015 00:47:02 UTC] Received POST request...
[18-Mar-2015 00:59:30 UTC] Received sent request...
[18-Mar-2015 00:59:30 UTC] Received POST request...
[18-Mar-2015 01:01:29 UTC] Received sent request...
[18-Mar-2015 01:01:29 UTC] Received POST request...
[18-Mar-2015 01:05:46 UTC] Received sent request...
[18-Mar-2015 01:05:46 UTC] Received POST request...
[18-Mar-2015 01:06:21 UTC] Received sent request...
[18-Mar-2015 01:06:21 UTC] Received POST request...
[18-Mar-2015 01:07:51 UTC] Received sent request...
[18-Mar-2015 01:07:51 UTC] Received POST request...
[18-Mar-2015 01:08:54 UTC] Received sent request...
[18-Mar-2015 01:08:54 UTC] Received POST request...
[18-Mar-2015 01:09:50 UTC] Received sent request...
[18-Mar-2015 01:09:50 UTC] Received POST request...
[18-Mar-2015 01:11:07 UTC] Received sent request...
[18-Mar-2015 01:11:07 UTC] Received POST request...
[18-Mar-2015 01:16:59 UTC] Received sent request...
[18-Mar-2015 01:16:59 UTC] Received POST request...
[18-Mar-2015 01:17:46 UTC] Received sent request...
[18-Mar-2015 01:17:46 UTC] Received POST request...
[18-Mar-2015 01:18:07 UTC] Received sent request...
[18-Mar-2015 01:18:07 UTC] Received POST request...
[18-Mar-2015 01:18:10 UTC] Received sent request...
[18-Mar-2015 01:18:10 UTC] Received POST request...
[18-Mar-2015 01:18:10 UTC] Received sent request...
[18-Mar-2015 01:18:10 UTC] Received POST request...
[18-Mar-2015 01:19:38 UTC] Received sent request...
[18-Mar-2015 01:19:38 UTC] Received POST request...
[18-Mar-2015 01:19:40 UTC] Received sent request...
[18-Mar-2015 01:19:40 UTC] Received POST request...
[18-Mar-2015 01:19:41 UTC] Received sent request...
[18-Mar-2015 01:19:41 UTC] Received POST request...
[18-Mar-2015 01:21:55 UTC] Received sent request...
[18-Mar-2015 01:21:55 UTC] Received POST request...
[18-Mar-2015 01:22:27 UTC] Received sent request...
[18-Mar-2015 01:22:27 UTC] Received POST request...
[18-Mar-2015 01:22:40 UTC] Received sent request...
[18-Mar-2015 01:22:40 UTC] Received POST request...
[18-Mar-2015 01:23:34 UTC] Received sent request...
[18-Mar-2015 01:23:34 UTC] Received POST request...
[18-Mar-2015 01:24:36 UTC] Received sent request...
[18-Mar-2015 01:24:36 UTC] Received POST request...
